mode: set
/hery-ciaputra/assignment-05-golang-backend/services/wallet_service.go:26.50,30.2 1 0
/hery-ciaputra/assignment-05-golang-backend/services/wallet_service.go:32.67,34.16 2 0
/hery-ciaputra/assignment-05-golang-backend/services/wallet_service.go:38.2,38.51 1 0
/hery-ciaputra/assignment-05-golang-backend/services/wallet_service.go:34.16,36.3 1 0
/hery-ciaputra/assignment-05-golang-backend/services/wallet_service.go:41.87,50.26 2 0
/hery-ciaputra/assignment-05-golang-backend/services/wallet_service.go:54.2,54.26 1 0
/hery-ciaputra/assignment-05-golang-backend/services/wallet_service.go:58.2,58.26 1 0
/hery-ciaputra/assignment-05-golang-backend/services/wallet_service.go:62.2,63.16 2 0
/hery-ciaputra/assignment-05-golang-backend/services/wallet_service.go:67.2,67.48 1 0
/hery-ciaputra/assignment-05-golang-backend/services/wallet_service.go:50.26,52.3 1 0
/hery-ciaputra/assignment-05-golang-backend/services/wallet_service.go:54.26,56.3 1 0
/hery-ciaputra/assignment-05-golang-backend/services/wallet_service.go:58.26,60.3 1 0
/hery-ciaputra/assignment-05-golang-backend/services/wallet_service.go:63.16,65.3 1 0
/hery-ciaputra/assignment-05-golang-backend/services/wallet_service.go:70.96,81.16 3 0
/hery-ciaputra/assignment-05-golang-backend/services/wallet_service.go:85.2,85.57 1 0
/hery-ciaputra/assignment-05-golang-backend/services/wallet_service.go:81.16,83.3 1 0
/hery-ciaputra/assignment-05-golang-backend/services/wallet_service.go:88.115,92.37 3 0
/hery-ciaputra/assignment-05-golang-backend/services/wallet_service.go:95.2,97.37 2 0
/hery-ciaputra/assignment-05-golang-backend/services/wallet_service.go:92.37,94.3 1 0
/hery-ciaputra/assignment-05-golang-backend/services/auth_service.go:29.49,34.2 1 0
/hery-ciaputra/assignment-05-golang-backend/services/auth_service.go:41.87,59.16 9 0
/hery-ciaputra/assignment-05-golang-backend/services/auth_service.go:62.2,62.54 1 0
/hery-ciaputra/assignment-05-golang-backend/services/auth_service.go:59.16,61.3 1 0
/hery-ciaputra/assignment-05-golang-backend/services/auth_service.go:65.78,70.39 3 0
/hery-ciaputra/assignment-05-golang-backend/services/auth_service.go:77.2,78.19 2 0
/hery-ciaputra/assignment-05-golang-backend/services/auth_service.go:70.39,76.3 1 0
/hery-ciaputra/assignment-05-golang-backend/services/register_service.go:24.54,28.2 1 0
/hery-ciaputra/assignment-05-golang-backend/services/register_service.go:30.84,40.16 5 0
/hery-ciaputra/assignment-05-golang-backend/services/register_service.go:44.2,50.16 3 0
/hery-ciaputra/assignment-05-golang-backend/services/register_service.go:54.2,54.63 1 0
/hery-ciaputra/assignment-05-golang-backend/services/register_service.go:40.16,42.3 1 0
/hery-ciaputra/assignment-05-golang-backend/services/register_service.go:50.16,52.3 1 0
/hery-ciaputra/assignment-05-golang-backend/handlers/handler.go:19.37,25.2 1 1
/hery-ciaputra/assignment-05-golang-backend/handlers/register_handler.go:10.43,15.16 4 1
/hery-ciaputra/assignment-05-golang-backend/handlers/register_handler.go:20.2,20.31 1 1
/hery-ciaputra/assignment-05-golang-backend/handlers/register_handler.go:15.16,18.3 2 0
/hery-ciaputra/assignment-05-golang-backend/handlers/sign_in_handler.go:10.42,15.16 4 0
/hery-ciaputra/assignment-05-golang-backend/handlers/sign_in_handler.go:20.2,20.31 1 0
/hery-ciaputra/assignment-05-golang-backend/handlers/sign_in_handler.go:15.16,18.3 2 0
/hery-ciaputra/assignment-05-golang-backend/handlers/wallet_handlers.go:11.44,16.16 4 0
/hery-ciaputra/assignment-05-golang-backend/handlers/wallet_handlers.go:21.2,21.31 1 0
/hery-ciaputra/assignment-05-golang-backend/handlers/wallet_handlers.go:16.16,19.3 2 0
/hery-ciaputra/assignment-05-golang-backend/handlers/wallet_handlers.go:24.46,31.16 6 0
/hery-ciaputra/assignment-05-golang-backend/handlers/wallet_handlers.go:36.2,36.30 1 0
/hery-ciaputra/assignment-05-golang-backend/handlers/wallet_handlers.go:31.16,34.3 2 0
/hery-ciaputra/assignment-05-golang-backend/handlers/wallet_handlers.go:39.49,46.16 6 0
/hery-ciaputra/assignment-05-golang-backend/handlers/wallet_handlers.go:51.2,51.33 1 0
/hery-ciaputra/assignment-05-golang-backend/handlers/wallet_handlers.go:46.16,49.3 2 0
/hery-ciaputra/assignment-05-golang-backend/handlers/wallet_handlers.go:54.50,70.16 9 0
/hery-ciaputra/assignment-05-golang-backend/handlers/wallet_handlers.go:75.2,75.37 1 0
/hery-ciaputra/assignment-05-golang-backend/handlers/wallet_handlers.go:70.16,73.3 2 0
